# JRE version: Java(TM) SE Runtime Environment (9.0+11) (build 9.0.4+11)
# Java VM: Java HotSpot(TM) 64-Bit Server VM (9.0.4+11, mixed mode, tiered, compressed oops, g1 gc, windows-amd64)
Heap:
 garbage-first heap   total 129024K, used 36614K [0x0000000082c00000, 0x0000000082d003f0, 0x0000000100000000)
  region size 1024K, 31 young (31744K), 3 survivors (3072K)
 Metaspace       used 20992K, capacity 21930K, committed 22192K, reserved 1069056K
  class space    used 2513K, capacity 2725K, committed 2816K, reserved 1048576K
GC Heap History (8 events):
Event: 0.377 GC heap before
{Heap before GC invocations=0 (full 0):
 garbage-first heap   total 129024K, used 18432K [0x0000000082c00000, 0x0000000082d003f0, 0x0000000100000000)
  region size 1024K, 14 young (14336K), 0 survivors (0K)
 Metaspace       used 11480K, capacity 11802K, committed 12032K, reserved 1060864K
  class space    used 1321K, capacity 1425K, committed 1536K, reserved 1048576K
}
Event: 0.382 GC heap after
{Heap after GC invocations=1 (full 0):
 garbage-first heap   total 129024K, used 6821K [0x0000000082c00000, 0x0000000082d003f0, 0x0000000100000000)
  region size 1024K, 2 young (2048K), 2 survivors (2048K)
 Metaspace       used 11480K, capacity 11802K, committed 12032K, reserved 1060864K
  class space    used 1321K, capacity 1425K, committed 1536K, reserved 1048576K
}
Event: 0.629 GC heap before
{Heap before GC invocations=1 (full 0):
 garbage-first heap   total 129024K, used 19109K [0x0000000082c00000, 0x0000000082d003f0, 0x0000000100000000)
  region size 1024K, 14 young (14336K), 2 survivors (2048K)
 Metaspace       used 16351K, capacity 16988K, committed 17280K, reserved 1064960K
  class space    used 1962K, capacity 2096K, committed 2176K, reserved 1048576K
}
Event: 0.635 GC heap after
{Heap after GC invocations=2 (full 0):
 garbage-first heap   total 129024K, used 10193K [0x0000000082c00000, 0x0000000082d003f0, 0x0000000100000000)
  region size 1024K, 2 young (2048K), 2 survivors (2048K)
 Metaspace       used 16351K, capacity 16988K, committed 17280K, reserved 1064960K
  class space    used 1962K, capacity 2096K, committed 2176K, reserved 1048576K
}
Event: 10.493 GC heap before
{Heap before GC invocations=2 (full 0):
 garbage-first heap   total 129024K, used 34769K [0x0000000082c00000, 0x0000000082d003f0, 0x0000000100000000)
  region size 1024K, 26 young (26624K), 2 survivors (2048K)
 Metaspace       used 18922K, capacity 19712K, committed 19968K, reserved 1067008K
  class space    used 2296K, capacity 2486K, committed 2560K, reserved 1048576K
}
Event: 10.497 GC heap after
{Heap after GC invocations=3 (full 0):
 garbage-first heap   total 129024K, used 11397K [0x0000000082c00000, 0x0000000082d003f0, 0x0000000100000000)
  region size 1024K, 4 young (4096K), 4 survivors (4096K)
 Metaspace       used 18922K, capacity 19712K, committed 19968K, reserved 1067008K
  class space    used 2296K, capacity 2486K, committed 2560K, reserved 1048576K
}
Event: 10.574 GC heap before
{Heap before GC invocations=3 (full 0):
 garbage-first heap   total 129024K, used 14469K [0x0000000082c00000, 0x0000000082d003f0, 0x0000000100000000)
  region size 1024K, 8 young (8192K), 4 survivors (4096K)
 Metaspace       used 20270K, capacity 21172K, committed 21296K, reserved 1069056K
  class space    used 2426K, capacity 2634K, committed 2688K, reserved 1048576K
}
Event: 10.576 GC heap after
{Heap after GC invocations=4 (full 0):
 garbage-first heap   total 129024K, used 10967K [0x0000000082c00000, 0x0000000082d003f0, 0x0000000100000000)
  region size 1024K, 3 young (3072K), 3 survivors (3072K)
 Metaspace       used 20270K, capacity 21172K, committed 21296K, reserved 1069056K
  class space    used 2426K, capacity 2634K, committed 2688K, reserved 1048576K
}

