# JRE version: Java(TM) SE Runtime Environment (9.0+11) (build 9.0.4+11)
# Java VM: Java HotSpot(TM) 64-Bit Server VM (9.0.4+11, mixed mode, tiered, compressed oops, g1 gc, windows-amd64)
Heap:
 garbage-first heap   total 129024K, used 33486K [0x0000000082c00000, 0x0000000082d003f0, 0x0000000100000000)
  region size 1024K, 28 young (28672K), 3 survivors (3072K)
 Metaspace       used 20974K, capacity 21916K, committed 22192K, reserved 1069056K
  class space    used 2512K, capacity 2724K, committed 2816K, reserved 1048576K
GC Heap History (8 events):
Event: 0.409 GC heap before
{Heap before GC invocations=0 (full 0):
 garbage-first heap   total 129024K, used 18432K [0x0000000082c00000, 0x0000000082d003f0, 0x0000000100000000)
  region size 1024K, 14 young (14336K), 0 survivors (0K)
 Metaspace       used 11502K, capacity 11854K, committed 12032K, reserved 1060864K
  class space    used 1323K, capacity 1425K, committed 1536K, reserved 1048576K
}
Event: 0.414 GC heap after
{Heap after GC invocations=1 (full 0):
 garbage-first heap   total 129024K, used 6830K [0x0000000082c00000, 0x0000000082d003f0, 0x0000000100000000)
  region size 1024K, 2 young (2048K), 2 survivors (2048K)
 Metaspace       used 11502K, capacity 11854K, committed 12032K, reserved 1060864K
  class space    used 1323K, capacity 1425K, committed 1536K, reserved 1048576K
}
Event: 0.678 GC heap before
{Heap before GC invocations=1 (full 0):
 garbage-first heap   total 129024K, used 17070K [0x0000000082c00000, 0x0000000082d003f0, 0x0000000100000000)
  region size 1024K, 12 young (12288K), 2 survivors (2048K)
 Metaspace       used 15401K, capacity 16028K, committed 16128K, reserved 1062912K
  class space    used 1816K, capacity 1996K, committed 2048K, reserved 1048576K
}
Event: 0.683 GC heap after
{Heap after GC invocations=2 (full 0):
 garbage-first heap   total 129024K, used 9783K [0x0000000082c00000, 0x0000000082d003f0, 0x0000000100000000)
  region size 1024K, 2 young (2048K), 2 survivors (2048K)
 Metaspace       used 15401K, capacity 16028K, committed 16128K, reserved 1062912K
  class space    used 1816K, capacity 1996K, committed 2048K, reserved 1048576K
}
Event: 10.376 GC heap before
{Heap before GC invocations=2 (full 0):
 garbage-first heap   total 129024K, used 35383K [0x0000000082c00000, 0x0000000082d003f0, 0x0000000100000000)
  region size 1024K, 27 young (27648K), 2 survivors (2048K)
 Metaspace       used 18919K, capacity 19698K, committed 19968K, reserved 1067008K
  class space    used 2296K, capacity 2485K, committed 2560K, reserved 1048576K
}
Event: 10.379 GC heap after
{Heap after GC invocations=3 (full 0):
 garbage-first heap   total 129024K, used 11083K [0x0000000082c00000, 0x0000000082d003f0, 0x0000000100000000)
  region size 1024K, 4 young (4096K), 4 survivors (4096K)
 Metaspace       used 18919K, capacity 19698K, committed 19968K, reserved 1067008K
  class space    used 2296K, capacity 2485K, committed 2560K, reserved 1048576K
}
Event: 10.479 GC heap before
{Heap before GC invocations=3 (full 0):
 garbage-first heap   total 129024K, used 15179K [0x0000000082c00000, 0x0000000082d003f0, 0x0000000100000000)
  region size 1024K, 9 young (9216K), 4 survivors (4096K)
 Metaspace       used 20253K, capacity 21158K, committed 21296K, reserved 1069056K
  class space    used 2425K, capacity 2633K, committed 2688K, reserved 1048576K
}
Event: 10.481 GC heap after
{Heap after GC invocations=4 (full 0):
 garbage-first heap   total 129024K, used 10502K [0x0000000082c00000, 0x0000000082d003f0, 0x0000000100000000)
  region size 1024K, 3 young (3072K), 3 survivors (3072K)
 Metaspace       used 20253K, capacity 21158K, committed 21296K, reserved 1069056K
  class space    used 2425K, capacity 2633K, committed 2688K, reserved 1048576K
}

